<assemblies><assembly name="H:\GitPublic\Hal.WebApi.Formatter\src\Hal.WebApi.Formatter.UnitTest\bin\Debug\Hal.WebApi.Formatter.UnitTest.dll" run-date="2015-02-20" run-time="01:29:31" configFile="C:\Windows\Microsoft.NET\Framework64\v4.0.30319\MSBuild.exe.Config" time="0.748" total="52" passed="52" failed="0" skipped="0" environment="64-bit .NET 4.0.30319.34209" test-framework="xUnit.net 1.9.2.1705"><class time="0.368" name="Hal.WebApi.Formatter.UnitTest.HalLinkTest" total="18" passed="18" failed="0" skipped="0"><test name="Hal.WebApi.Formatter.UnitTest.HalLinkTest.Type_OnConstruction_DefaultsToNull" type="Hal.WebApi.Formatter.UnitTest.HalLinkTest" method="Type_OnConstruction_DefaultsToNull" result="Pass" time="0.340" /><test name="Hal.WebApi.Formatter.UnitTest.HalLinkTest.Href_OnConstructionWithEmptyHrefParamInput_ThrowsArgumentException" type="Hal.WebApi.Formatter.UnitTest.HalLinkTest" method="Href_OnConstructionWithEmptyHrefParamInput_ThrowsArgumentException" result="Pass" time="0.005" /><test name="Hal.WebApi.Formatter.UnitTest.HalLinkTest.Depreciation_OnConstruction_DefaultsToNull" type="Hal.WebApi.Formatter.UnitTest.HalLinkTest" method="Depreciation_OnConstruction_DefaultsToNull" result="Pass" time="0.001" /><test name="Hal.WebApi.Formatter.UnitTest.HalLinkTest.Templated_OnOverloadedConstruction_IsSetSuccessfully" type="Hal.WebApi.Formatter.UnitTest.HalLinkTest" method="Templated_OnOverloadedConstruction_IsSetSuccessfully" result="Pass" time="0.022" /><test name="Hal.WebApi.Formatter.UnitTest.HalLinkTest.Name_OnOverloadedConstruction_IsSetSuccessfully" type="Hal.WebApi.Formatter.UnitTest.HalLinkTest" method="Name_OnOverloadedConstruction_IsSetSuccessfully" result="Pass" time="0.000" /><test name="Hal.WebApi.Formatter.UnitTest.HalLinkTest.Type_OnOverloadedConstruction_IsSetSuccessfully" type="Hal.WebApi.Formatter.UnitTest.HalLinkTest" method="Type_OnOverloadedConstruction_IsSetSuccessfully" result="Pass" time="0.000" /><test name="Hal.WebApi.Formatter.UnitTest.HalLinkTest.HrefLang_OnOverloadedConstruction_IsSetSuccessfully" type="Hal.WebApi.Formatter.UnitTest.HalLinkTest" method="HrefLang_OnOverloadedConstruction_IsSetSuccessfully" result="Pass" time="0.000" /><test name="Hal.WebApi.Formatter.UnitTest.HalLinkTest.Depreciation_OnOverloadedConstruction_IsSetSuccessfully" type="Hal.WebApi.Formatter.UnitTest.HalLinkTest" method="Depreciation_OnOverloadedConstruction_IsSetSuccessfully" result="Pass" time="0.000" /><test name="Hal.WebApi.Formatter.UnitTest.HalLinkTest.HrefLang_OnConstruction_DefaultsToNull" type="Hal.WebApi.Formatter.UnitTest.HalLinkTest" method="HrefLang_OnConstruction_DefaultsToNull" result="Pass" time="0.000" /><test name="Hal.WebApi.Formatter.UnitTest.HalLinkTest.Templated_OnConstructionWithNormalUrl_DefaultsToFalse" type="Hal.WebApi.Formatter.UnitTest.HalLinkTest" method="Templated_OnConstructionWithNormalUrl_DefaultsToFalse" result="Pass" time="0.000" /><test name="Hal.WebApi.Formatter.UnitTest.HalLinkTest.Href_OnConstructionWithValidHrefParamInput_IsSetSuccessfully" type="Hal.WebApi.Formatter.UnitTest.HalLinkTest" method="Href_OnConstructionWithValidHrefParamInput_IsSetSuccessfully" result="Pass" time="0.000" /><test name="Hal.WebApi.Formatter.UnitTest.HalLinkTest.Title_OnConstruction_DefaultsToNull" type="Hal.WebApi.Formatter.UnitTest.HalLinkTest" method="Title_OnConstruction_DefaultsToNull" result="Pass" time="0.000" /><test name="Hal.WebApi.Formatter.UnitTest.HalLinkTest.Href_OnConstructionWithNullHrefParamInput_ThrowsArgumentNullException" type="Hal.WebApi.Formatter.UnitTest.HalLinkTest" method="Href_OnConstructionWithNullHrefParamInput_ThrowsArgumentNullException" result="Pass" time="0.000" /><test name="Hal.WebApi.Formatter.UnitTest.HalLinkTest.Title_OnOverloadedConstruction_IsSetSuccessfully" type="Hal.WebApi.Formatter.UnitTest.HalLinkTest" method="Title_OnOverloadedConstruction_IsSetSuccessfully" result="Pass" time="0.000" /><test name="Hal.WebApi.Formatter.UnitTest.HalLinkTest.Profile_OnConstruction_DefaultsToNull" type="Hal.WebApi.Formatter.UnitTest.HalLinkTest" method="Profile_OnConstruction_DefaultsToNull" result="Pass" time="0.000" /><test name="Hal.WebApi.Formatter.UnitTest.HalLinkTest.Name_OnConstruction_DefaultsToNull" type="Hal.WebApi.Formatter.UnitTest.HalLinkTest" method="Name_OnConstruction_DefaultsToNull" result="Pass" time="0.000" /><test name="Hal.WebApi.Formatter.UnitTest.HalLinkTest.Profile_OnOverloadedConstruction_IsSetSuccessfully" type="Hal.WebApi.Formatter.UnitTest.HalLinkTest" method="Profile_OnOverloadedConstruction_IsSetSuccessfully" result="Pass" time="0.000" /><test name="Hal.WebApi.Formatter.UnitTest.HalLinkTest.Templated_OnConstructionWithTemplatedHref_DefaultsIsTemplatedToTrue" type="Hal.WebApi.Formatter.UnitTest.HalLinkTest" method="Templated_OnConstructionWithTemplatedHref_DefaultsIsTemplatedToTrue" result="Pass" time="0.000" /></class><class time="0.001" name="Hal.WebApi.Formatter.UnitTest.HalLinkCurieTest" total="2" passed="2" failed="0" skipped="0"><test name="Hal.WebApi.Formatter.UnitTest.HalLinkCurieTest.Name_OnConstructionWithNullNameParamInput_ThrowsArgumentNullException" type="Hal.WebApi.Formatter.UnitTest.HalLinkCurieTest" method="Name_OnConstructionWithNullNameParamInput_ThrowsArgumentNullException" result="Pass" time="0.001" /><test name="Hal.WebApi.Formatter.UnitTest.HalLinkCurieTest.Name_OnConstructionWithEmptyNameParamInput_ThrowsArgumentException" type="Hal.WebApi.Formatter.UnitTest.HalLinkCurieTest" method="Name_OnConstructionWithEmptyNameParamInput_ThrowsArgumentException" result="Pass" time="0.000" /></class><class time="0.001" name="Hal.WebApi.Formatter.UnitTest.HalNodeTest" total="4" passed="4" failed="0" skipped="0"><test name="Hal.WebApi.Formatter.UnitTest.HalNodeTest.Key_OnConstructionWithNullParamInput_ThrowsArgumentNullException" type="Hal.WebApi.Formatter.UnitTest.HalNodeTest" method="Key_OnConstructionWithNullParamInput_ThrowsArgumentNullException" result="Pass" time="0.001" /><test name="Hal.WebApi.Formatter.UnitTest.HalNodeTest.Key_OnConstructionWithValidKeyParamInput_IsSetSuccessfully" type="Hal.WebApi.Formatter.UnitTest.HalNodeTest" method="Key_OnConstructionWithValidKeyParamInput_IsSetSuccessfully" result="Pass" time="0.000" /><test name="Hal.WebApi.Formatter.UnitTest.HalNodeTest.Key_OnConstructionWithEmptyParamInput_ThrowsArgumentException" type="Hal.WebApi.Formatter.UnitTest.HalNodeTest" method="Key_OnConstructionWithEmptyParamInput_ThrowsArgumentException" result="Pass" time="0.000" /><test name="Hal.WebApi.Formatter.UnitTest.HalNodeTest.Value_OnConstructionWithValidHrefParamInput_IsSetSuccessfully" type="Hal.WebApi.Formatter.UnitTest.HalNodeTest" method="Value_OnConstructionWithValidHrefParamInput_IsSetSuccessfully" result="Pass" time="0.000" /></class><class time="0.006" name="Hal.WebApi.Formatter.UnitTest.HalNodesTest" total="3" passed="3" failed="0" skipped="0"><test name="Hal.WebApi.Formatter.UnitTest.HalNodesTest.Add_TwoHalNodesWithSameKeyTwice_ThrowsInvalidOperationException" type="Hal.WebApi.Formatter.UnitTest.HalNodesTest" method="Add_TwoHalNodesWithSameKeyTwice_ThrowsInvalidOperationException" result="Pass" time="0.003" /><test name="Hal.WebApi.Formatter.UnitTest.HalNodesTest.Add_NodeUsingKeyValue_Successfully" type="Hal.WebApi.Formatter.UnitTest.HalNodesTest" method="Add_NodeUsingKeyValue_Successfully" result="Pass" time="0.003" /><test name="Hal.WebApi.Formatter.UnitTest.HalNodesTest.Add_Node_Successfully" type="Hal.WebApi.Formatter.UnitTest.HalNodesTest" method="Add_Node_Successfully" result="Pass" time="0.000" /></class><class time="0.009" name="Hal.WebApi.Formatter.UnitTest.HalReservedEmbeddedResourcesTest" total="2" passed="2" failed="0" skipped="0"><test name="Hal.WebApi.Formatter.UnitTest.HalReservedEmbeddedResourcesTest.Add_SinglePropertyWithMultiResources_Successfully" type="Hal.WebApi.Formatter.UnitTest.HalReservedEmbeddedResourcesTest" method="Add_SinglePropertyWithMultiResources_Successfully" result="Pass" time="0.006" /><test name="Hal.WebApi.Formatter.UnitTest.HalReservedEmbeddedResourcesTest.Add_MultiPropertiesWithMultiResources_Successfully" type="Hal.WebApi.Formatter.UnitTest.HalReservedEmbeddedResourcesTest" method="Add_MultiPropertiesWithMultiResources_Successfully" result="Pass" time="0.003" /></class><class time="0.002" name="Hal.WebApi.Formatter.UnitTest.HalReservedLinksTest" total="8" passed="8" failed="0" skipped="0"><test name="Hal.WebApi.Formatter.UnitTest.HalReservedLinksTest.Curies_OnConstructionWithNoCuriesParam_IsEmptyCollectionCreatedSuccessfully" type="Hal.WebApi.Formatter.UnitTest.HalReservedLinksTest" method="Curies_OnConstructionWithNoCuriesParam_IsEmptyCollectionCreatedSuccessfully" result="Pass" time="0.001" /><test name="Hal.WebApi.Formatter.UnitTest.HalReservedLinksTest.Self_OnConstruction_IsAddedSuccessfully" type="Hal.WebApi.Formatter.UnitTest.HalReservedLinksTest" method="Self_OnConstruction_IsAddedSuccessfully" result="Pass" time="0.000" /><test name="Hal.WebApi.Formatter.UnitTest.HalReservedLinksTest.Add_StringSelfAsKeyParam_ThrowsInvalidArgumentException" type="Hal.WebApi.Formatter.UnitTest.HalReservedLinksTest" method="Add_StringSelfAsKeyParam_ThrowsInvalidArgumentException" result="Pass" time="0.001" /><test name="Hal.WebApi.Formatter.UnitTest.HalReservedLinksTest.Add_StringParam_Successfully" type="Hal.WebApi.Formatter.UnitTest.HalReservedLinksTest" method="Add_StringParam_Successfully" result="Pass" time="0.000" /><test name="Hal.WebApi.Formatter.UnitTest.HalReservedLinksTest.Self_OnConstructionWithNullParam_ThrowsArgumentNullException" type="Hal.WebApi.Formatter.UnitTest.HalReservedLinksTest" method="Self_OnConstructionWithNullParam_ThrowsArgumentNullException" result="Pass" time="0.000" /><test name="Hal.WebApi.Formatter.UnitTest.HalReservedLinksTest.Add_SameStringTwice_ThrowsInvalidOperationException" type="Hal.WebApi.Formatter.UnitTest.HalReservedLinksTest" method="Add_SameStringTwice_ThrowsInvalidOperationException" result="Pass" time="0.000" /><test name="Hal.WebApi.Formatter.UnitTest.HalReservedLinksTest.Add_StringCuriesAsKeyParam_ThrowsInvalidArgumentException" type="Hal.WebApi.Formatter.UnitTest.HalReservedLinksTest" method="Add_StringCuriesAsKeyParam_ThrowsInvalidArgumentException" result="Pass" time="0.000" /><test name="Hal.WebApi.Formatter.UnitTest.HalReservedLinksTest.Curies_OnConstructionWithCuriesParam_IsAddedSuccessfully" type="Hal.WebApi.Formatter.UnitTest.HalReservedLinksTest" method="Curies_OnConstructionWithCuriesParam_IsAddedSuccessfully" result="Pass" time="0.000" /></class><class time="0.000" name="Hal.WebApi.Formatter.UnitTest.ResourceTest" total="1" passed="1" failed="0" skipped="0"><test name="Hal.WebApi.Formatter.UnitTest.ResourceTest.ReservedLinks_OnConstructionWithSelfLink_CreatedSuccessfully" type="Hal.WebApi.Formatter.UnitTest.ResourceTest" method="ReservedLinks_OnConstructionWithSelfLink_CreatedSuccessfully" result="Pass" time="0.000" /></class><class time="0.110" name="Hal.WebApi.Formatter.UnitTest.Json.HalLinkConverterTest" total="5" passed="5" failed="0" skipped="0"><test name="Hal.WebApi.Formatter.UnitTest.Json.HalLinkConverterTest.ReadJson_WithStringReaderInputReadTwice_ReturnsStringSuccessfully" type="Hal.WebApi.Formatter.UnitTest.Json.HalLinkConverterTest" method="ReadJson_WithStringReaderInputReadTwice_ReturnsStringSuccessfully" result="Pass" time="0.073" /><test name="Hal.WebApi.Formatter.UnitTest.Json.HalLinkConverterTest.ReadJson_WithStringReaderInput_ReturnsNullByDefault" type="Hal.WebApi.Formatter.UnitTest.Json.HalLinkConverterTest" method="ReadJson_WithStringReaderInput_ReturnsNullByDefault" result="Pass" time="0.000" /><test name="Hal.WebApi.Formatter.UnitTest.Json.HalLinkConverterTest.WriteJson_WithOnlyHrefProperty_GeneratesCorrectJsonObject" type="Hal.WebApi.Formatter.UnitTest.Json.HalLinkConverterTest" method="WriteJson_WithOnlyHrefProperty_GeneratesCorrectJsonObject" result="Pass" time="0.036" /><test name="Hal.WebApi.Formatter.UnitTest.Json.HalLinkConverterTest.WriteJson_WithFullProperties_GeneratesCorrectJsonObject" type="Hal.WebApi.Formatter.UnitTest.Json.HalLinkConverterTest" method="WriteJson_WithFullProperties_GeneratesCorrectJsonObject" result="Pass" time="0.001" /><test name="Hal.WebApi.Formatter.UnitTest.Json.HalLinkConverterTest.CanConvert_HalLinkType_ReturnsTrue" type="Hal.WebApi.Formatter.UnitTest.Json.HalLinkConverterTest" method="CanConvert_HalLinkType_ReturnsTrue" result="Pass" time="0.000" /></class><class time="0.251" name="Hal.WebApi.Formatter.UnitTest.Json.HalNodeConverterTest" total="6" passed="6" failed="0" skipped="0"><test name="Hal.WebApi.Formatter.UnitTest.Json.HalNodeConverterTest.ReadJson_WithStringReaderInputReadTwice_ReturnsStringSuccessfully" type="Hal.WebApi.Formatter.UnitTest.Json.HalNodeConverterTest" method="ReadJson_WithStringReaderInputReadTwice_ReturnsStringSuccessfully" result="Pass" time="0.000" /><test name="Hal.WebApi.Formatter.UnitTest.Json.HalNodeConverterTest.ReadJson_WithStringReaderInput_ReturnsNullByDefault" type="Hal.WebApi.Formatter.UnitTest.Json.HalNodeConverterTest" method="ReadJson_WithStringReaderInput_ReturnsNullByDefault" result="Pass" time="0.000" /><test name="Hal.WebApi.Formatter.UnitTest.Json.HalNodeConverterTest.WriteJson_WithFullProperties_GeneratesCorrectJsonObject" type="Hal.WebApi.Formatter.UnitTest.Json.HalNodeConverterTest" method="WriteJson_WithFullProperties_GeneratesCorrectJsonObject" result="Pass" time="0.028" /><test name="Hal.WebApi.Formatter.UnitTest.Json.HalNodeConverterTest.CanConvert_HalNodeGenericType_ReturnsTrue" type="Hal.WebApi.Formatter.UnitTest.Json.HalNodeConverterTest" method="CanConvert_HalNodeGenericType_ReturnsTrue" result="Pass" time="0.000" /><test name="Hal.WebApi.Formatter.UnitTest.Json.HalNodeConverterTest.WriteJson_WithNestedHalNodeValueObject_GeneratesCorrectJsonObject" type="Hal.WebApi.Formatter.UnitTest.Json.HalNodeConverterTest" method="WriteJson_WithNestedHalNodeValueObject_GeneratesCorrectJsonObject" result="Pass" time="0.223" /><test name="Hal.WebApi.Formatter.UnitTest.Json.HalNodeConverterTest.CanConvert_HalNode_ReturnsTrue" type="Hal.WebApi.Formatter.UnitTest.Json.HalNodeConverterTest" method="CanConvert_HalNode_ReturnsTrue" result="Pass" time="0.000" /></class><class time="0.000" name="Hal.WebApi.Formatter.UnitTest.Json.HalResourceConverterTest" total="3" passed="3" failed="0" skipped="0"><test name="Hal.WebApi.Formatter.UnitTest.Json.HalResourceConverterTest.CanConvert_HalResourceType_ReturnsTrue" type="Hal.WebApi.Formatter.UnitTest.Json.HalResourceConverterTest" method="CanConvert_HalResourceType_ReturnsTrue" result="Pass" time="0.000" /><test name="Hal.WebApi.Formatter.UnitTest.Json.HalResourceConverterTest.ReadJson_WithStringReaderInputReadTwice_ReturnsStringSuccessfully" type="Hal.WebApi.Formatter.UnitTest.Json.HalResourceConverterTest" method="ReadJson_WithStringReaderInputReadTwice_ReturnsStringSuccessfully" result="Pass" time="0.000" /><test name="Hal.WebApi.Formatter.UnitTest.Json.HalResourceConverterTest.ReadJson_WithStringReaderInput_ReturnsNullByDefault" type="Hal.WebApi.Formatter.UnitTest.Json.HalResourceConverterTest" method="ReadJson_WithStringReaderInput_ReturnsNullByDefault" result="Pass" time="0.000" /></class></assembly></assemblies>